Determining if the pthread_create exist failed with the following output:
Change Dir: /home/student/pinball_ws/build/CMakeFiles/CMakeTmp

Run Build Command:"/usr/bin/make" "cmTC_bf47f/fast"
/usr/bin/make -f CMakeFiles/cmTC_bf47f.dir/build.make CMakeFiles/cmTC_bf47f.dir/build
make[1] : on entre dans le répertoire « /home/student/pinball_ws/build/CMakeFiles/CMakeTmp »
Building C object CMakeFiles/cmTC_bf47f.dir/CheckSymbolExists.c.o
/usr/bin/cc    -o CMakeFiles/cmTC_bf47f.dir/CheckSymbolExists.c.o   -c /home/student/pinball_ws/build/CMakeFiles/CMakeTmp/CheckSymbolExists.c
Linking C executable cmTC_bf47f
/usr/bin/cmake -E cmake_link_script CMakeFiles/cmTC_bf47f.dir/link.txt --verbose=1
/usr/bin/cc      -rdynamic CMakeFiles/cmTC_bf47f.dir/CheckSymbolExists.c.o  -o cmTC_bf47f 
CMakeFiles/cmTC_bf47f.dir/CheckSymbolExists.c.o : Dans la fonction « main » :
CheckSymbolExists.c:(.text+0x1b) : référence indéfinie vers « pthread_create »
collect2: error: ld returned 1 exit status
CMakeFiles/cmTC_bf47f.dir/build.make:97: recipe for target 'cmTC_bf47f' failed
make[1]: *** [cmTC_bf47f] Error 1
make[1] : on quitte le répertoire « /home/student/pinball_ws/build/CMakeFiles/CMakeTmp »
Makefile:126: recipe for target 'cmTC_bf47f/fast' failed
make: *** [cmTC_bf47f/fast] Error 2

File /home/student/pinball_ws/build/CMakeFiles/CMakeTmp/CheckSymbolExists.c:
/* */
#include <pthread.h>

int main(int argc, char** argv)
{
  (void)argv;
#ifndef pthread_create
  return ((int*)(&pthread_create))[argc];
#else
  (void)argc;
  return 0;
#endif
}

Determining if the function pthread_create exists in the pthreads failed with the following output:
Change Dir: /home/student/pinball_ws/build/CMakeFiles/CMakeTmp

Run Build Command:"/usr/bin/make" "cmTC_78d40/fast"
/usr/bin/make -f CMakeFiles/cmTC_78d40.dir/build.make CMakeFiles/cmTC_78d40.dir/build
make[1] : on entre dans le répertoire « /home/student/pinball_ws/build/CMakeFiles/CMakeTmp »
Building C object CMakeFiles/cmTC_78d40.dir/CheckFunctionExists.c.o
/usr/bin/cc   -DCHECK_FUNCTION_EXISTS=pthread_create   -o CMakeFiles/cmTC_78d40.dir/CheckFunctionExists.c.o   -c /usr/share/cmake-3.10/Modules/CheckFunctionExists.c
Linking C executable cmTC_78d40
/usr/bin/cmake -E cmake_link_script CMakeFiles/cmTC_78d40.dir/link.txt --verbose=1
/usr/bin/cc  -DCHECK_FUNCTION_EXISTS=pthread_create    -rdynamic CMakeFiles/cmTC_78d40.dir/CheckFunctionExists.c.o  -o cmTC_78d40 -lpthreads 
/usr/bin/ld : ne peut trouver -lpthreads
collect2: error: ld returned 1 exit status
CMakeFiles/cmTC_78d40.dir/build.make:97: recipe for target 'cmTC_78d40' failed
make[1]: *** [cmTC_78d40] Error 1
make[1] : on quitte le répertoire « /home/student/pinball_ws/build/CMakeFiles/CMakeTmp »
Makefile:126: recipe for target 'cmTC_78d40/fast' failed
make: *** [cmTC_78d40/fast] Error 2


